{
  "RSpec": {
    "coverage": {
      "/usr/src/app/spec/support/validator/blob_validator.rb": [
        1,
        12,
        null,
        21,
        null,
        12,
        null,
        null,
        1,
        0,
        0,
        0,
        null,
        null,
        0,
        0,
        null,
        0,
        null,
        0,
        null,
        null,
        0,
        0,
        null,
        0,
        null,
        null,
        null,
        1,
        2,
        6,
        6,
        null,
        null,
        2,
        6,
        null,
        4,
        null,
        2,
        null,
        null,
        2,
        4,
        null,
        4,
        null,
        null,
        null,
        1,
        0,
        0,
        null,
        null,
        0,
        0,
        null,
        0,
        null,
        0,
        null,
        null,
        0,
        0,
        null,
        0,
        null,
        null,
        null,
        1,
        1,
        14,
        null,
        null,
        1,
        3,
        null,
        2,
        null,
        1,
        null,
        null,
        1,
        2,
        null,
        2,
        null,
        null,
        null,
        1,
        8,
        null,
        2,
        6,
        null,
        4,
        null,
        2,
        null,
        null,
        2,
        4,
        null,
        4,
        null,
        null,
        null,
        1,
        1,
        3,
        null,
        2,
        null,
        1,
        null,
        null,
        1,
        2,
        null,
        2,
        null,
        null
      ],
      "/usr/src/app/spec/support/common/examples.rb": [
        1,
        30,
        30,
        30,
        null,
        4,
        null,
        null,
        null,
        null,
        1,
        32,
        32,
        32,
        null,
        0,
        null,
        null,
        null,
        null,
        1,
        6,
        null,
        null,
        1,
        2,
        2,
        2,
        null,
        0,
        null,
        null,
        null,
        null,
        1,
        4,
        8,
        null,
        null
      ],
      "/usr/src/app/spec/support/policy/examples.rb": [
        1,
        14,
        28,
        null,
        null,
        null,
        1,
        3,
        6,
        null,
        6,
        null,
        null,
        null,
        1,
        2,
        4,
        null,
        4,
        null,
        null,
        null,
        1,
        5,
        10,
        null,
        null,
        null,
        1,
        3,
        null,
        3,
        3,
        6,
        null,
        null,
        3,
        6,
        null,
        null,
        3,
        6,
        null,
        null,
        null,
        null,
        1,
        6,
        null,
        6,
        6,
        12,
        null,
        12,
        null,
        null,
        6,
        12,
        null,
        12,
        null,
        null,
        null,
        null,
        1,
        4,
        null,
        4,
        4,
        8,
        null,
        8,
        null,
        null,
        4,
        8,
        null,
        8,
        null,
        null,
        null,
        null,
        1,
        1,
        null,
        1,
        1,
        2,
        null,
        2,
        null,
        null,
        1,
        2,
        null,
        2,
        null,
        null,
        null,
        null,
        1,
        2,
        2,
        null,
        2,
        4,
        null,
        null,
        2,
        4,
        null,
        null,
        null,
        1,
        3,
        null,
        3,
        null,
        3,
        6,
        null,
        6,
        null,
        null
      ],
      "/usr/src/app/spec/support/active_storage.rb": [
        1,
        1,
        53,
        null,
        null
      ],
      "/usr/src/app/spec/support/request/examples.rb": [
        1,
        101,
        101,
        101,
        null,
        null,
        null,
        1,
        91,
        91,
        91,
        null,
        null,
        null,
        1,
        23,
        23,
        23,
        23,
        null,
        null,
        null,
        1,
        12,
        12,
        12,
        null,
        null,
        null,
        1,
        11,
        null,
        11,
        null,
        null,
        1,
        22,
        null,
        null,
        1,
        12,
        null,
        null,
        1,
        3,
        3,
        null,
        null,
        1,
        5,
        5,
        5,
        null,
        null,
        1,
        11,
        11,
        null,
        null,
        1,
        1,
        1,
        1,
        null,
        null,
        1,
        19,
        19,
        null,
        null,
        1,
        15,
        15,
        15,
        null,
        null,
        1,
        2,
        2,
        2,
        null,
        null,
        1,
        27,
        27,
        27,
        null,
        null,
        null,
        1,
        12,
        12,
        12,
        null,
        null,
        null,
        1,
        5,
        9,
        null,
        5,
        null,
        null,
        5,
        9,
        null,
        5,
        null,
        null,
        5,
        9,
        null,
        5,
        null,
        null,
        null,
        1,
        4,
        8,
        null,
        4,
        null,
        null,
        4,
        8,
        null,
        4,
        null,
        null,
        4,
        8,
        null,
        4,
        null,
        null,
        null,
        1,
        4,
        8,
        null,
        4,
        null,
        null,
        4,
        8,
        null,
        4,
        null,
        null,
        4,
        8,
        null,
        4,
        null,
        null,
        null,
        1,
        28,
        28,
        28,
        null,
        null,
        null,
        1,
        5,
        null,
        null,
        1,
        3,
        null,
        null,
        1,
        0,
        null
      ],
      "/usr/src/app/spec/support/request/matchers.rb": [
        1,
        91,
        91,
        91,
        91,
        null,
        null
      ],
      "/usr/src/app/spec/support/request/helpers.rb": [
        1,
        1,
        63,
        63,
        38,
        25,
        25,
        null,
        0,
        null,
        null,
        null,
        1,
        0,
        null,
        null,
        1,
        354,
        null,
        null
      ],
      "/usr/src/app/app/jobs/activity_streaming_job.rb": [
        1,
        1,
        null,
        1,
        0,
        null,
        null,
        null,
        null,
        null,
        null,
        null,
        0,
        0,
        null,
        null,
        null
      ],
      "/usr/src/app/app/jobs/application_job.rb": [
        1,
        null
      ],
      "/usr/src/app/spec/lib/api_constraints/versioning_spec.rb": [
        1,
        null,
        1,
        4,
        4,
        4,
        null,
        1,
        2,
        null,
        2,
        null,
        2,
        null,
        null,
        1,
        3,
        null,
        1,
        2,
        null,
        2,
        null,
        null,
        1,
        2,
        null,
        2,
        null,
        null,
        null
      ],
      "/usr/src/app/lib/api_constraints/versioning.rb": [
        1,
        1,
        3,
        null,
        null,
        1,
        2,
        2,
        null,
        null,
        1,
        null,
        1,
        3,
        null,
        null
      ],
      "/usr/src/app/spec/lib/auth/jwt_spec.rb": [
        1,
        null,
        1,
        1,
        8,
        8,
        8,
        8,
        null,
        null,
        1,
        5,
        null,
        1,
        2,
        null,
        2,
        null,
        null,
        1,
        1,
        6,
        null,
        null,
        1,
        2,
        1,
        null,
        null,
        1,
        2,
        1,
        null,
        null,
        1,
        2,
        1,
        null,
        null,
        null,
        null,
        1,
        1,
        1,
        null,
        null,
        null,
        1,
        2,
        null,
        2,
        1,
        1,
        null,
        null,
        null,
        null,
        null,
        null,
        2,
        null,
        null,
        1,
        3,
        null,
        1,
        1,
        1,
        null,
        null,
        null,
        null,
        null,
        null,
        2,
        null,
        null,
        1,
        1,
        1,
        null,
        null,
        null,
        null,
        null,
        null,
        2,
        null,
        null,
        null
      ],
      "/usr/src/app/lib/auth/jwt.rb": [
        1,
        1,
        1,
        274,
        null,
        null,
        1,
        878,
        533,
        null,
        345,
        null,
        null,
        1,
        880,
        880,
        null,
        null,
        1,
        null,
        1,
        275,
        null,
        null,
        1,
        273,
        null,
        null,
        1,
        1152,
        null,
        null,
        1,
        1149,
        null,
        null,
        null
      ],
      "/usr/src/app/spec/models/activity_spec.rb": [
        1,
        null,
        1,
        null
      ],
      "/usr/src/app/spec/models/favorite_spec.rb": [
        1,
        null,
        1,
        null
      ],
      "/usr/src/app/spec/models/following_spec.rb": [
        1,
        null,
        1,
        null
      ],
      "/usr/src/app/spec/models/hashtag_spec.rb": [
        1,
        null,
        1,
        null
      ],
      "/usr/src/app/app/models/hashtag.rb": [
        1,
        1,
        null,
        1,
        null,
        1,
        1,
        null,
        1,
        null,
        1,
        null,
        1,
        3,
        null,
        null,
        null
      ],
      "/usr/src/app/spec/models/memory/validations_spec.rb": [
        1,
        null,
        1,
        1,
        10,
        null,
        7,
        null,
        1,
        2,
        3,
        null,
        null,
        1,
        4,
        null,
        null,
        1,
        2,
        null,
        null,
        null
      ],
      "/usr/src/app/app/models/memory.rb": [
        1,
        1,
        null,
        1,
        1,
        null,
        1,
        null,
        null,
        null,
        null,
        null
      ],
      "/usr/src/app/spec/models/memory_tagging_spec.rb": [
        1,
        null,
        1,
        null
      ],
      "/usr/src/app/app/models/memory_tagging.rb": [
        1,
        1,
        1,
        null,
        1,
        null,
        1,
        1,
        null
      ],
      "/usr/src/app/spec/models/post/instance_methods_spec.rb": [
        1,
        null,
        1,
        1,
        3,
        2,
        null,
        3,
        3,
        null,
        1,
        2,
        2,
        null,
        null,
        1,
        2,
        2,
        null,
        null,
        null
      ],
      "/usr/src/app/spec/models/post/validations_spec.rb": [
        1,
        null,
        1,
        1,
        10,
        null,
        7,
        null,
        1,
        2,
        3,
        null,
        null,
        1,
        4,
        null,
        null,
        1,
        15,
        null,
        null,
        null
      ],
      "/usr/src/app/spec/models/report_spec.rb": [
        1,
        null,
        1,
        null
      ],
      "/usr/src/app/spec/models/sharing_spec.rb": [
        1,
        null,
        1,
        null
      ],
      "/usr/src/app/spec/models/tagging_spec.rb": [
        1,
        null,
        1,
        null
      ],
      "/usr/src/app/app/models/tagging.rb": [
        1,
        1,
        1,
        null,
        1,
        null
      ],
      "/usr/src/app/spec/models/user/class_methods_spec.rb": [
        1,
        null,
        1,
        1,
        4,
        null,
        4,
        null,
        1,
        3,
        null,
        1,
        1,
        null,
        null,
        1,
        1,
        null,
        null,
        null,
        1,
        2,
        null,
        1,
        1,
        null,
        null,
        null,
        null
      ],
      "/usr/src/app/spec/models/user/instance_methods_spec.rb": [
        1,
        null,
        1,
        null
      ],
      "/usr/src/app/spec/policies/dashboard_policy_spec.rb": [
        1,
        null,
        1,
        1,
        null,
        4,
        null,
        1,
        1,
        null,
        null
      ],
      "/usr/src/app/app/policies/dashboard_policy.rb": [
        1,
        1,
        20,
        null,
        null
      ],
      "/usr/src/app/app/policies/application_policy.rb": [
        1,
        1,
        null,
        1,
        564,
        564,
        null,
        null,
        1,
        0,
        null,
        null,
        1,
        0,
        null,
        null,
        1,
        0,
        null,
        null,
        1,
        0,
        null,
        null,
        1,
        0,
        null,
        null,
        1,
        null,
        1,
        232,
        null,
        null,
        1,
        530,
        null,
        null,
        1,
        3,
        null,
        null
      ],
      "/usr/src/app/spec/policies/favorite_policy_spec.rb": [
        1,
        null,
        1,
        5,
        null,
        5,
        2,
        1,
        null,
        4,
        2,
        null,
        1,
        1,
        3,
        2,
        2,
        null,
        null,
        null
      ],
      "/usr/src/app/app/policies/favorite_policy.rb": [
        1,
        1,
        5,
        null,
        null,
        1,
        12,
        null,
        null
      ],
      "/usr/src/app/spec/policies/post_policy_spec.rb": [
        1,
        null,
        1,
        7,
        3,
        3,
        null,
        5,
        3,
        null,
        24,
        null,
        1,
        1,
        null,
        null,
        1,
        1,
        3,
        2,
        null,
        null,
        null,
        1,
        1,
        3,
        2,
        null,
        null,
        null,
        1,
        1,
        null,
        null,
        1,
        1,
        4,
        null,
        null,
        null,
        1,
        1,
        4,
        null,
        null,
        null,
        1,
        1,
        4,
        null,
        null,
        null
      ],
      "/usr/src/app/app/policies/post_policy.rb": [
        1,
        1,
        9,
        null,
        null,
        1,
        40,
        null,
        null,
        1,
        166,
        null,
        null,
        1,
        188,
        null,
        null,
        1,
        10,
        null,
        null,
        1,
        12,
        null,
        null,
        1,
        3,
        null,
        null
      ],
      "/usr/src/app/spec/policies/reply_policy_spec.rb": [
        1,
        null,
        1,
        4,
        2,
        2,
        null,
        3,
        2,
        null,
        5,
        null,
        1,
        1,
        3,
        2,
        null,
        null,
        null
      ],
      "/usr/src/app/app/policies/reply_policy.rb": [
        1,
        1,
        4,
        null,
        null
      ],
      "/usr/src/app/spec/policies/report_policy_spec.rb": [
        1,
        null,
        1,
        7,
        null,
        1,
        1,
        null,
        null,
        1,
        1,
        4,
        null,
        null,
        null
      ],
      "/usr/src/app/app/policies/report_policy.rb": [
        1,
        1,
        8,
        null,
        null,
        1,
        8,
        null,
        null
      ],
      "/usr/src/app/spec/policies/sharing_policy_spec.rb": [
        1,
        null,
        1,
        5,
        null,
        5,
        2,
        1,
        null,
        4,
        2,
        null,
        1,
        1,
        3,
        2,
        2,
        null,
        null,
        null
      ],
      "/usr/src/app/app/policies/sharing_policy.rb": [
        1,
        1,
        5,
        null,
        null,
        1,
        12,
        null,
        null
      ],
      "/usr/src/app/spec/policies/user_policy_spec.rb": [
        1,
        null,
        1,
        19,
        null,
        1,
        1,
        null,
        null,
        1,
        1,
        4,
        null,
        null,
        null,
        1,
        1,
        4,
        null,
        null,
        null,
        1,
        1,
        4,
        null,
        null,
        null,
        1,
        1,
        4,
        null,
        null,
        null,
        1,
        1,
        4,
        null,
        null,
        null
      ],
      "/usr/src/app/app/policies/user_policy.rb": [
        1,
        1,
        5,
        null,
        null,
        1,
        3,
        null,
        null,
        1,
        17,
        null,
        null,
        1,
        17,
        null,
        null,
        1,
        10,
        null,
        null,
        1,
        10,
        null,
        null
      ],
      "/usr/src/app/spec/requests/v1/admin/users/index_spec.rb": [
        1,
        null,
        1,
        1,
        12,
        8,
        null,
        12,
        null,
        1,
        4,
        null,
        1,
        null,
        null,
        1,
        9,
        9,
        null,
        1,
        5,
        null,
        1,
        null,
        1,
        null,
        1,
        11,
        null,
        null,
        1,
        1,
        1,
        null,
        null,
        null,
        1,
        5,
        5,
        null,
        1,
        null,
        1,
        null,
        1,
        3,
        null,
        null,
        1,
        1,
        1,
        null,
        null,
        null,
        null,
        null
      ],
      "/usr/src/app/spec/requests/v1/admin/users/update_spec.rb": [
        1,
        null,
        1,
        1,
        9,
        9,
        null,
        9,
        null,
        1,
        4,
        null,
        1,
        null,
        null,
        1,
        6,
        6,
        null,
        1,
        3,
        null,
        1,
        null,
        null,
        1,
        4,
        null,
        1,
        null,
        1,
        null,
        1,
        1,
        null,
        null,
        null,
        null,
        null
      ],
      "/usr/src/app/spec/requests/v1/favorites/create_spec.rb": [
        1,
        null,
        1,
        1,
        15,
        null,
        15,
        null,
        1,
        4,
        4,
        null,
        1,
        null,
        null,
        1,
        12,
        12,
        null,
        1,
        3,
        null,
        1,
        null,
        null,
        1,
        10,
        null,
        1,
        5,
        null,
        1,
        1,
        null,
        1,
        null,
        null,
        1,
        1,
        null,
        1,
        null,
        1,
        1,
        null,
        1,
        1,
        null,
        null,
        null,
        null,
        null,
        null,
        null,
        null,
        null,
        null,
        null,
        null,
        null,
        null
      ],
      "/usr/src/app/spec/requests/v1/favorites/destroy_spec.rb": [
        1,
        null,
        1,
        1,
        13,
        null,
        13,
        null,
        1,
        4,
        4,
        null,
        1,
        null,
        null,
        1,
        10,
        10,
        null,
        1,
        3,
        null,
        1,
        null,
        null,
        1,
        8,
        null,
        1,
        1,
        1,
        null,
        1,
        null,
        null,
        1,
        4,
        4,
        null,
        1,
        1,
        null,
        1,
        null,
        null,
        null,
        null,
        null
      ],
      "/usr/src/app/spec/requests/v1/hashtags/popular_spec.rb": [
        1,
        null,
        1,
        1,
        1,
        3,
        3,
        3,
        3,
        3,
        3,
        null,
        3,
        3,
        3,
        3,
        3,
        null,
        3,
        null,
        null,
        4,
        null,
        1,
        1,
        null,
        1,
        1,
        1,
        null,
        null,
        null,
        null,
        null,
        null,
        null,
        null,
        null,
        null,
        null
      ],
      "/usr/src/app/spec/requests/v1/hashtags/show_spec.rb": [
        1,
        null,
        1,
        1,
        6,
        null,
        1,
        3,
        null,
        1,
        null,
        null,
        1,
        4,
        4,
        null,
        1,
        1,
        1,
        1,
        5,
        null,
        null,
        null,
        null,
        null
      ],
      "/usr/src/app/spec/requests/v1/memories/create_spec.rb": [
        1,
        null,
        1,
        1,
        10,
        1,
        9,
        9,
        9,
        null,
        10,
        null,
        10,
        null,
        1,
        1,
        null,
        3,
        null,
        null,
        null,
        null,
        null,
        1,
        null,
        null,
        1,
        7,
        null,
        1,
        1,
        null,
        3,
        null,
        null,
        null,
        null,
        null,
        1,
        null,
        1,
        1,
        1,
        null,
        null,
        null,
        1,
        1,
        null,
        3,
        null,
        null,
        null,
        null,
        null,
        1,
        null,
        1,
        null,
        1,
        1,
        1,
        1,
        null,
        null,
        null,
        null,
        null
      ],
      "/usr/src/app/spec/requests/v1/memories/index_spec.rb": [
        1,
        null,
        1,
        1,
        8,
        null,
        8,
        null,
        1,
        1,
        null,
        0,
        null,
        null,
        null,
        null,
        null,
        1,
        null,
        null,
        1,
        5,
        5,
        5,
        5,
        null,
        1,
        null,
        1,
        3,
        null,
        null,
        1,
        1,
        1,
        null,
        null,
        1,
        1,
        1,
        null,
        null,
        null,
        null
      ],
      "/usr/src/app/spec/requests/v1/memories/upload_spec.rb": [
        1,
        null,
        1,
        1,
        1,
        1,
        null,
        1,
        null,
        1,
        1,
        null,
        1,
        0,
        0,
        0,
        null,
        null,
        null,
        null
      ],
      "/usr/src/app/spec/requests/v1/posts/create_spec.rb": [
        1,
        null,
        1,
        1,
        38,
        41,
        4,
        null,
        41,
        null,
        1,
        4,
        null,
        1,
        null,
        null,
        1,
        38,
        null,
        1,
        1,
        5,
        null,
        1,
        null,
        1,
        1,
        null,
        null,
        1,
        5,
        null,
        1,
        null,
        1,
        1,
        null,
        null,
        null,
        1,
        14,
        null,
        1,
        8,
        null,
        1,
        1,
        null,
        1,
        1,
        1,
        1,
        null,
        null,
        null,
        null,
        null,
        null,
        null,
        null,
        null,
        1,
        1,
        null,
        null,
        1,
        7,
        null,
        1,
        1,
        null,
        1,
        1,
        null,
        1,
        1,
        null,
        null,
        1,
        17,
        null,
        1,
        2,
        2,
        2,
        2,
        2,
        null,
        2,
        2,
        2,
        null,
        null,
        null,
        null,
        1,
        1,
        1,
        null,
        1,
        1,
        1,
        1,
        null,
        null,
        null,
        1,
        9,
        null,
        1,
        1,
        null,
        1,
        1,
        1,
        1,
        null,
        null,
        null,
        null,
        null,
        null,
        null
      ],
      "/usr/src/app/spec/requests/v1/posts/destroy_reports_spec.rb": [
        1,
        null,
        1,
        1,
        7,
        1,
        null,
        7,
        null,
        1,
        4,
        null,
        1,
        null,
        null,
        1,
        4,
        4,
        4,
        null,
        1,
        null,
        1,
        null,
        null,
        null
      ],
      "/usr/src/app/spec/requests/v1/posts/destroy_spec.rb": [
        1,
        null,
        1,
        1,
        26,
        null,
        26,
        null,
        1,
        9,
        null,
        1,
        4,
        null,
        1,
        null,
        null,
        1,
        4,
        null,
        1,
        null,
        null,
        1,
        3,
        null,
        1,
        null,
        null,
        null,
        1,
        18,
        1,
        17,
        17,
        17,
        17,
        17,
        17,
        null,
        null,
        null,
        1,
        8,
        null,
        1,
        null,
        1,
        2,
        null,
        null,
        1,
        2,
        null,
        null,
        1,
        null,
        1,
        2,
        null,
        null,
        1,
        null,
        null,
        1,
        6,
        null,
        1,
        null,
        1,
        2,
        null,
        null,
        1,
        2,
        null,
        null,
        1,
        null,
        null,
        1,
        6,
        null,
        1,
        null,
        1,
        2,
        null,
        null,
        1,
        2,
        null,
        null,
        1,
        null,
        null,
        null,
        null
      ],
      "/usr/src/app/spec/requests/v1/posts/report_spec.rb": [
        1,
        null,
        1,
        1,
        14,
        14,
        null,
        14,
        null,
        1,
        4,
        null,
        1,
        null,
        null,
        1,
        11,
        11,
        null,
        1,
        3,
        null,
        1,
        null,
        null,
        1,
        9,
        null,
        1,
        5,
        null,
        1,
        1,
        null,
        null,
        1,
        1,
        1,
        null,
        1,
        1,
        1,
        1,
        1,
        1,
        null,
        null,
        null,
        null,
        null,
        null
      ],
      "/usr/src/app/spec/requests/v1/posts/show_spec.rb": [
        1,
        null,
        1,
        1,
        11,
        null,
        1,
        1,
        3,
        null,
        1,
        null,
        null,
        1,
        3,
        null,
        1,
        null,
        null,
        null,
        1,
        1,
        4,
        null,
        1,
        null,
        1,
        null,
        2,
        null,
        null,
        1,
        4,
        null,
        1,
        null,
        1,
        null,
        2,
        null,
        null,
        null,
        null
      ],
      "/usr/src/app/spec/requests/v1/profiles/activities_spec.rb": [
        1,
        null,
        1,
        1,
        8,
        null,
        8,
        null,
        1,
        1,
        null,
        null,
        1,
        5,
        5,
        1,
        5,
        5,
        1,
        4,
        null,
        null,
        1,
        null,
        1,
        null,
        1,
        1,
        1,
        null,
        null,
        1,
        1,
        6,
        null,
        null,
        null,
        null,
        null
      ],
      "/usr/src/app/spec/requests/v1/profiles/followees_spec.rb": [
        1,
        null,
        1,
        1,
        7,
        4,
        null,
        7,
        null,
        1,
        4,
        null,
        1,
        null,
        null,
        1,
        4,
        4,
        null,
        1,
        null,
        1,
        null,
        1,
        6,
        null,
        null,
        null,
        null
      ],
      "/usr/src/app/spec/requests/v1/profiles/followees_suggestion_spec.rb": [
        1,
        null,
        1,
        1,
        8,
        5,
        null,
        8,
        null,
        1,
        4,
        null,
        1,
        null,
        null,
        1,
        5,
        5,
        null,
        1,
        null,
        1,
        null,
        1,
        1,
        1,
        null,
        null,
        1,
        6,
        null,
        null,
        null,
        null
      ],
      "/usr/src/app/spec/requests/v1/profiles/followers_spec.rb": [
        1,
        null,
        1,
        1,
        7,
        4,
        null,
        7,
        null,
        1,
        4,
        null,
        1,
        null,
        null,
        1,
        4,
        4,
        null,
        1,
        null,
        1,
        null,
        1,
        6,
        null,
        null,
        null,
        null
      ],
      "/usr/src/app/spec/requests/v1/profiles/password_spec.rb": [
        1,
        null,
        1,
        1,
        20,
        17,
        null,
        20,
        null,
        1,
        4,
        4,
        null,
        1,
        null,
        null,
        1,
        17,
        null,
        1,
        1,
        2,
        null,
        null,
        null,
        null,
        null,
        null,
        1,
        null,
        1,
        null,
        null,
        1,
        1,
        4,
        null,
        4,
        16,
        null,
        null,
        null,
        1,
        1,
        4,
        null,
        null,
        null,
        1,
        1,
        4,
        null,
        null,
        null,
        1,
        1,
        1,
        3,
        null,
        null,
        null,
        null,
        1,
        1,
        4,
        null,
        null,
        null,
        null,
        1,
        3,
        null,
        1,
        null,
        null,
        null,
        null
      ],
      "/usr/src/app/spec/requests/v1/profiles/show_spec.rb": [
        1,
        null,
        1,
        1,
        7,
        4,
        null,
        7,
        null,
        1,
        4,
        null,
        1,
        null,
        null,
        1,
        4,
        null,
        1,
        null,
        1,
        null,
        2,
        null,
        null,
        null
      ],
      "/usr/src/app/spec/requests/v1/profiles/update_spec.rb": [
        1,
        null,
        1,
        1,
        12,
        9,
        null,
        12,
        null,
        1,
        4,
        4,
        null,
        1,
        null,
        null,
        1,
        9,
        null,
        1,
        4,
        null,
        1,
        null,
        1,
        null,
        1,
        1,
        null,
        null,
        null,
        1,
        4,
        null,
        1,
        null,
        1,
        4,
        null,
        null,
        null,
        1,
        3,
        null,
        1,
        null,
        null,
        null,
        null
      ],
      "/usr/src/app/spec/requests/v1/replies/create_spec.rb": [
        1,
        null,
        1,
        1,
        15,
        12,
        4,
        15,
        null,
        15,
        null,
        1,
        4,
        null,
        1,
        null,
        null,
        1,
        12,
        null,
        1,
        3,
        null,
        1,
        null,
        null,
        1,
        4,
        null,
        1,
        null,
        1,
        null,
        1,
        1,
        null,
        null,
        null,
        null,
        null,
        null,
        null,
        null,
        null,
        null,
        null,
        null,
        1,
        4,
        null,
        1,
        null,
        1,
        null,
        1,
        1,
        null,
        null,
        null,
        null,
        null,
        null,
        null,
        null,
        null,
        null,
        null,
        null,
        1,
        4,
        null,
        1,
        null,
        1,
        null,
        1,
        1,
        null,
        null,
        null,
        null,
        null,
        null,
        null,
        null,
        null,
        null,
        null,
        null,
        null,
        null
      ],
      "/usr/src/app/spec/requests/v1/replies/index_spec.rb": [
        1,
        null,
        1,
        1,
        14,
        null,
        14,
        null,
        1,
        4,
        1,
        null,
        1,
        null,
        null,
        1,
        11,
        null,
        1,
        3,
        null,
        1,
        null,
        null,
        1,
        3,
        null,
        1,
        null,
        null,
        1,
        4,
        4,
        4,
        null,
        1,
        1,
        1,
        null,
        null,
        1,
        null,
        1,
        8,
        null,
        null,
        null,
        1,
        4,
        4,
        4,
        4,
        null,
        1,
        1,
        1,
        null,
        null,
        1,
        null,
        1,
        8,
        null,
        null,
        null,
        null,
        null
      ],
      "/usr/src/app/spec/requests/v1/reports/posts_spec.rb": [
        1,
        null,
        1,
        1,
        7,
        null,
        7,
        null,
        1,
        1,
        null,
        null,
        1,
        4,
        4,
        null,
        1,
        15,
        null,
        null,
        1,
        null,
        1,
        null,
        1,
        5,
        null,
        null,
        null,
        null
      ],
      "/usr/src/app/spec/requests/v1/sessions/create_spec.rb": [
        1,
        null,
        1,
        1,
        13,
        13,
        4,
        null,
        13,
        null,
        1,
        4,
        null,
        1,
        null,
        null,
        1,
        10,
        null,
        1,
        1,
        3,
        null,
        null,
        1,
        3,
        null,
        null,
        1,
        3,
        null,
        null,
        null,
        1,
        4,
        null,
        1,
        1,
        2,
        null,
        null,
        null,
        null
      ],
      "/usr/src/app/spec/requests/v1/sharings/create_spec.rb": [
        1,
        null,
        1,
        1,
        13,
        null,
        13,
        null,
        1,
        4,
        4,
        null,
        1,
        null,
        null,
        1,
        10,
        10,
        null,
        1,
        3,
        null,
        1,
        null,
        null,
        1,
        8,
        null,
        1,
        3,
        null,
        1,
        null,
        null,
        1,
        1,
        null,
        1,
        null,
        1,
        1,
        null,
        1,
        1,
        null,
        null,
        null,
        null,
        null,
        null,
        null,
        null,
        null,
        null,
        null,
        null,
        null,
        null
      ],
      "/usr/src/app/spec/requests/v1/sharings/destroy_spec.rb": [
        1,
        null,
        1,
        1,
        13,
        null,
        13,
        null,
        1,
        4,
        4,
        null,
        1,
        null,
        null,
        1,
        10,
        10,
        null,
        1,
        3,
        null,
        1,
        null,
        null,
        1,
        8,
        null,
        1,
        1,
        1,
        null,
        1,
        null,
        null,
        1,
        4,
        4,
        null,
        1,
        1,
        null,
        1,
        null,
        null,
        null,
        null,
        null
      ],
      "/usr/src/app/spec/requests/v1/users/activities_spec.rb": [
        1,
        null,
        1,
        1,
        8,
        null,
        1,
        4,
        null,
        4,
        null,
        1,
        null,
        null,
        1,
        5,
        null,
        1,
        5,
        5,
        25,
        5,
        null,
        1,
        null,
        1,
        null,
        1,
        1,
        1,
        null,
        null,
        1,
        1,
        3,
        null,
        null,
        null,
        null,
        null
      ],
      "/usr/src/app/spec/requests/v1/users/create_spec.rb": [
        1,
        null,
        1,
        12,
        7,
        12,
        9,
        null,
        1,
        12,
        null,
        1,
        1,
        3,
        null,
        1,
        null,
        null,
        1,
        3,
        null,
        1,
        null,
        null,
        null,
        1,
        4,
        4,
        null,
        1,
        null,
        null,
        1,
        5,
        null,
        1,
        2,
        null,
        1,
        1,
        2,
        null,
        null,
        null
      ],
      "/usr/src/app/spec/requests/v1/users/follow_spec.rb": [
        1,
        null,
        1,
        1,
        24,
        24,
        24,
        null,
        1,
        6,
        6,
        null,
        6,
        null,
        1,
        1,
        1,
        null,
        null,
        1,
        19,
        null,
        1,
        5,
        null,
        1,
        1,
        1,
        null,
        null,
        1,
        6,
        null,
        1,
        1,
        1,
        null,
        null,
        1,
        6,
        null,
        6,
        null,
        1,
        1,
        1,
        null,
        null,
        1,
        5,
        null,
        1,
        1,
        1,
        1,
        null,
        null,
        null,
        null
      ],
      "/usr/src/app/spec/requests/v1/users/followees_spec.rb": [
        1,
        null,
        1,
        1,
        10,
        null,
        10,
        null,
        1,
        4,
        null,
        1,
        null,
        null,
        1,
        7,
        7,
        null,
        1,
        3,
        null,
        1,
        null,
        null,
        1,
        5,
        5,
        null,
        1,
        1,
        null,
        1,
        1,
        1,
        null,
        null,
        1,
        6,
        null,
        null,
        null,
        null,
        null
      ],
      "/usr/src/app/spec/requests/v1/users/followers_spec.rb": [
        1,
        null,
        1,
        1,
        10,
        null,
        10,
        null,
        1,
        4,
        null,
        1,
        null,
        null,
        1,
        7,
        7,
        null,
        1,
        3,
        null,
        1,
        null,
        null,
        1,
        5,
        5,
        null,
        1,
        1,
        null,
        1,
        1,
        1,
        null,
        null,
        1,
        6,
        null,
        null,
        null,
        null,
        null
      ],
      "/usr/src/app/spec/requests/v1/users/show_spec.rb": [
        1,
        null,
        1,
        1,
        7,
        null,
        1,
        3,
        null,
        1,
        null,
        null,
        1,
        3,
        null,
        1,
        1,
        null,
        null,
        1,
        3,
        null,
        3,
        null,
        1,
        null,
        null,
        null
      ],
      "/usr/src/app/spec/requests/v1/users/statistics_spec.rb": [
        1,
        null,
        1,
        1,
        1,
        3,
        3,
        3,
        null,
        3,
        15,
        15,
        null,
        15,
        15,
        15,
        15,
        null,
        null,
        null,
        null,
        null,
        7,
        null,
        1,
        4,
        null,
        1,
        null,
        null,
        1,
        4,
        null,
        1,
        null,
        1,
        null,
        1,
        1,
        null,
        null,
        null,
        null,
        null,
        null,
        null,
        null,
        null,
        null,
        null
      ],
      "/usr/src/app/spec/requests/v1/users/unfollow_spec.rb": [
        1,
        null,
        1,
        1,
        24,
        24,
        null,
        24,
        null,
        1,
        6,
        6,
        null,
        6,
        null,
        1,
        1,
        1,
        null,
        null,
        1,
        19,
        null,
        1,
        5,
        null,
        1,
        1,
        1,
        null,
        null,
        1,
        6,
        null,
        1,
        1,
        1,
        null,
        null,
        1,
        6,
        null,
        1,
        1,
        1,
        null,
        null,
        1,
        5,
        null,
        5,
        null,
        1,
        1,
        1,
        null,
        null,
        null,
        null
      ],
      "/usr/src/app/spec/services/activities/creator_spec.rb": [
        1,
        null,
        1,
        6,
        6,
        null,
        1,
        6,
        null,
        1,
        3,
        null,
        1,
        null,
        1,
        1,
        1,
        1,
        null,
        null,
        null,
        1,
        3,
        null,
        1,
        null,
        1,
        1,
        1,
        1,
        null,
        null,
        null,
        1,
        2,
        null,
        1,
        1,
        1,
        null,
        null,
        null,
        null
      ],
      "/usr/src/app/app/services/activities/creator.rb": [
        1,
        1,
        1,
        null,
        1,
        69,
        69,
        null,
        null,
        1,
        69,
        69,
        69,
        69,
        69,
        null,
        null,
        null,
        1,
        69,
        null,
        null,
        null
      ],
      "/usr/src/app/spec/services/activities/finder_spec.rb": [
        1,
        null,
        1,
        null
      ],
      "/usr/src/app/app/services/activities/finder.rb": [
        null,
        1,
        1,
        1,
        null,
        1,
        13,
        null,
        null,
        1,
        13,
        null,
        null,
        null,
        null,
        null,
        null,
        null,
        null,
        null,
        null,
        null,
        null,
        null,
        null,
        null,
        null,
        null,
        null,
        null,
        null,
        null,
        null
      ],
      "/usr/src/app/spec/services/attachment/base64_decoder_spec.rb": [
        1,
        null,
        1,
        1,
        4,
        null,
        1,
        3,
        null,
        1,
        1,
        null,
        null,
        2,
        null,
        null,
        1,
        2,
        null,
        1,
        1,
        1,
        null,
        null,
        1,
        1,
        null,
        null,
        null,
        null,
        null,
        null,
        1,
        1,
        null,
        null
      ],
      "/usr/src/app/app/services/attachment/base64_decoder.rb": [
        1,
        1,
        1,
        null,
        1,
        7,
        null,
        null,
        1,
        9,
        null,
        null,
        null
      ],
      "/usr/src/app/spec/services/attachment/parser_spec.rb": [
        1,
        null,
        1,
        3,
        null,
        1,
        2,
        null,
        1,
        1,
        null,
        null,
        null,
        1,
        3,
        null,
        3,
        null,
        2,
        null,
        1,
        1,
        null,
        null,
        null,
        1,
        2,
        null,
        1,
        2,
        null,
        null,
        null,
        null
      ],
      "/usr/src/app/app/services/attachment/parser.rb": [
        1,
        1,
        1,
        null,
        1,
        55,
        55,
        8,
        8,
        8,
        null,
        null,
        null,
        1,
        10,
        10,
        10,
        10,
        null,
        null,
        null,
        1,
        9,
        null,
        null,
        null
      ],
      "/usr/src/app/spec/services/users/follow_spec.rb": [
        1,
        null,
        1,
        12,
        null,
        1,
        6,
        6,
        null,
        null,
        1,
        6,
        6,
        null,
        6,
        null,
        null,
        1,
        5,
        5,
        null,
        null,
        1,
        4,
        null,
        1,
        1,
        null,
        1,
        null,
        null,
        1,
        1,
        null,
        1,
        null,
        null,
        1,
        1,
        null,
        1,
        null,
        null,
        null,
        1,
        9,
        null,
        1,
        1,
        null,
        1,
        1,
        1,
        null,
        null,
        1,
        1,
        null,
        1,
        1,
        1,
        null,
        null,
        1,
        1,
        null,
        3,
        null,
        1,
        1,
        1,
        1,
        null,
        null,
        1,
        1,
        1,
        1,
        null,
        null,
        null,
        null
      ],
      "/usr/src/app/app/services/users/follow.rb": [
        1,
        1,
        null,
        1,
        25,
        25,
        null,
        null,
        1,
        22,
        6,
        6,
        6,
        null,
        null,
        1,
        25,
        16,
        null,
        null,
        1,
        null,
        1,
        1,
        9,
        null,
        null,
        null
      ],
      "/usr/src/app/spec/services/users/followees_suggestor_spec.rb": [
        1,
        null,
        1,
        5,
        5,
        null,
        1,
        3,
        3,
        null,
        3,
        null,
        1,
        1,
        null,
        null,
        1,
        1,
        null,
        null,
        null,
        1,
        3,
        3,
        null,
        3,
        null,
        1,
        1,
        null,
        null,
        1,
        1,
        null,
        null,
        null
      ],
      "/usr/src/app/app/services/users/followees_suggestor.rb": [
        1,
        1,
        1,
        null,
        1,
        8,
        null,
        null,
        1,
        6,
        6,
        6,
        6,
        null,
        null,
        1,
        8,
        8,
        null,
        null,
        null
      ],
      "/usr/src/app/app/controllers/v1/admin/users_controller.rb": [
        1,
        1,
        9,
        9,
        9,
        9,
        null,
        null,
        1,
        6,
        4,
        4,
        4,
        null,
        null
      ],
      "/usr/src/app/app/controllers/v1/admin/dashboard_controller.rb": [
        1,
        1,
        null,
        1,
        null,
        1,
        17,
        null,
        null
      ],
      "/usr/src/app/app/controllers/application_controller.rb": [
        1,
        1,
        1,
        null,
        1,
        1,
        1,
        null,
        1,
        null,
        1,
        1,
        null,
        null,
        null,
        null,
        null,
        null,
        null,
        null,
        null,
        null,
        1,
        388,
        388,
        388,
        0,
        null,
        388,
        null,
        null,
        null,
        1,
        1528,
        null,
        null,
        1,
        297,
        null,
        null,
        1,
        23,
        null,
        null,
        1,
        320,
        null,
        null,
        1,
        0,
        null,
        null,
        1,
        null,
        1,
        388,
        null,
        null,
        1,
        388,
        null,
        null,
        1,
        876,
        null,
        null,
        1,
        876,
        null,
        null,
        1,
        876,
        null,
        null,
        1,
        1264,
        null,
        null,
        1,
        145,
        145,
        null,
        145,
        84,
        null,
        61,
        null,
        145,
        null,
        null,
        1,
        29,
        null,
        null,
        null,
        null,
        null
      ],
      "/usr/src/app/app/services/reports/create.rb": [
        1,
        1,
        null,
        1,
        null,
        1,
        10,
        10,
        10,
        null,
        null,
        1,
        10,
        null,
        6,
        null,
        null
      ],
      "/usr/src/app/app/services/users/token_generator.rb": [
        1,
        1,
        1,
        null,
        1,
        283,
        283,
        null,
        null,
        1,
        273,
        null,
        null,
        null
      ],
      "/usr/src/app/app/serializers/profile_serializer.rb": [
        1,
        1,
        null,
        null,
        null,
        null,
        null,
        null,
        null,
        null,
        null,
        null,
        null,
        1,
        1,
        null,
        1,
        108,
        null,
        1,
        108,
        null,
        null,
        1,
        57,
        57,
        null,
        null,
        1,
        57,
        null,
        null
      ],
      "/usr/src/app/app/serializers/attachment_serializer.rb": [
        1,
        1,
        null,
        1,
        19,
        null,
        null,
        1,
        19,
        null,
        null
      ],
      "/usr/src/app/app/services/admin/users/update_parameters.rb": [
        1,
        1,
        1,
        1,
        null,
        1,
        4,
        null,
        null,
        1,
        4,
        null,
        null,
        null,
        null,
        null
      ],
      "/usr/src/app/app/controllers/v1/favorites_controller.rb": [
        1,
        1,
        null,
        1,
        11,
        9,
        9,
        null,
        9,
        null,
        5,
        5,
        null,
        5,
        null,
        null,
        null,
        null,
        null,
        null,
        null,
        null,
        null,
        1,
        9,
        7,
        null,
        7,
        null,
        3,
        3,
        3,
        3,
        null,
        null
      ],
      "/usr/src/app/app/services/activities/serializer.rb": [
        1,
        1,
        1,
        null,
        1,
        23,
        23,
        23,
        null,
        null,
        1,
        23,
        23,
        23,
        null,
        null,
        null,
        null,
        null,
        1,
        104,
        null,
        null,
        1,
        18,
        null,
        null,
        1,
        18,
        null,
        null,
        1,
        46,
        null,
        null,
        null
      ],
      "/usr/src/app/app/serializers/activity_serializer.rb": [
        1,
        1,
        null,
        1,
        null,
        1,
        150,
        null,
        null,
        1,
        150,
        null,
        140,
        null,
        5,
        null,
        5,
        null,
        0,
        null,
        null,
        null
      ],
      "/usr/src/app/app/serializers/favorite_serializer.rb": [
        1,
        1,
        null,
        1,
        null,
        1,
        1,
        null
      ],
      "/usr/src/app/app/serializers/serializer_helpers/auth.rb": [
        1,
        1,
        null,
        1,
        344,
        null,
        null,
        1,
        172,
        null,
        null,
        1,
        172,
        null,
        null
      ],
      "/usr/src/app/app/serializers/profile_overall_serializer.rb": [
        1,
        1,
        null,
        1,
        null,
        1,
        182,
        null,
        null,
        1,
        182,
        null,
        null
      ],
      "/usr/src/app/app/serializers/post_serializer.rb": [
        1,
        1,
        null,
        1,
        null,
        null,
        null,
        null,
        null,
        null,
        null,
        null,
        null,
        null,
        null,
        null,
        null,
        1,
        1,
        null,
        1,
        null,
        1,
        99,
        99,
        null,
        null,
        1,
        99,
        99,
        null,
        null,
        null,
        1,
        1,
        null,
        1,
        1,
        6,
        null,
        1,
        null,
        null
      ],
      "/usr/src/app/app/serializers/following_user_serializer.rb": [
        1,
        1,
        null,
        1,
        1,
        null,
        1,
        186,
        null,
        1,
        186,
        null,
        null,
        1,
        96,
        96,
        null,
        null,
        1,
        96,
        null,
        null
      ],
      "/usr/src/app/app/controllers/v1/hashtags_controller.rb": [
        1,
        1,
        5,
        3,
        null,
        null,
        null,
        null,
        null,
        null,
        null,
        1,
        3,
        null,
        null,
        null,
        3,
        null,
        null
      ],
      "/usr/src/app/app/serializers/hashtag_list_item_serializer.rb": [
        1,
        1,
        null
      ],
      "/usr/src/app/app/serializers/hashtag_serializer.rb": [
        1,
        1,
        null,
        1,
        null,
        1,
        3,
        null,
        null,
        null,
        null,
        null,
        1,
        3,
        null,
        null
      ],
      "/usr/src/app/app/controllers/v1/memories_controller.rb": [
        1,
        1,
        null,
        1,
        0,
        0,
        null,
        null,
        1,
        8,
        5,
        5,
        null,
        null,
        1,
        6,
        null,
        null,
        null,
        null,
        6,
        null,
        null
      ],
      "/usr/src/app/app/services/memories/create_parameters.rb": [
        1,
        1,
        1,
        null,
        1,
        8,
        8,
        null,
        null,
        1,
        8,
        null,
        null,
        null,
        null,
        null,
        1,
        null,
        8,
        null,
        null,
        null,
        null,
        1,
        null,
        null,
        8,
        null,
        3,
        null,
        8,
        null,
        null,
        null
      ],
      "/usr/src/app/app/services/memories/create.rb": [
        1,
        1,
        1,
        null,
        1,
        5,
        null,
        null,
        1,
        5,
        5,
        null,
        5,
        5,
        5,
        5,
        5,
        5,
        null,
        5,
        5,
        5,
        null,
        null,
        null,
        null,
        null,
        null
      ],
      "/usr/src/app/app/serializers/memory_serializer.rb": [
        1,
        1,
        null,
        1,
        null,
        1,
        null,
        1,
        null
      ],
      "/usr/src/app/app/serializers/memory_tagging_serializer.rb": [
        1,
        1,
        null
      ],
      "/usr/src/app/app/controllers/v1/posts_controller.rb": [
        1,
        1,
        1,
        null,
        1,
        37,
        37,
        33,
        33,
        6,
        null,
        33,
        29,
        29,
        29,
        29,
        null,
        null,
        1,
        10,
        6,
        6,
        null,
        null,
        1,
        null,
        1,
        22,
        22,
        19,
        19,
        null,
        null,
        1,
        12,
        10,
        10,
        6,
        null,
        null,
        1,
        5,
        4,
        4,
        null,
        null
      ],
      "/usr/src/app/app/services/posts/create_parameters.rb": [
        1,
        1,
        1,
        null,
        1,
        37,
        37,
        null,
        null,
        1,
        37,
        null,
        null,
        null,
        null,
        null,
        null,
        1,
        null,
        33,
        null,
        null,
        null,
        1,
        null,
        33,
        null,
        null,
        null,
        null
      ],
      "/usr/src/app/app/services/posts/create_hashtags.rb": [
        1,
        1,
        1,
        null,
        1,
        29,
        null,
        null,
        1,
        29,
        29,
        29,
        32,
        32,
        null,
        null,
        null,
        null
      ],
      "/usr/src/app/lib/twitter/text_extractor.rb": [
        1,
        1,
        1,
        null,
        null
      ],
      "/usr/src/app/app/services/reports/destroy.rb": [
        1,
        1,
        null,
        1,
        4,
        null,
        null,
        1,
        4,
        4,
        null,
        null
      ],
      "/usr/src/app/app/services/posts/destroy.rb": [
        1,
        1,
        1,
        null,
        1,
        19,
        null,
        null,
        1,
        19,
        19,
        19,
        19,
        null,
        null,
        null,
        1,
        19,
        9,
        9,
        9,
        9,
        10,
        5,
        5,
        5,
        null,
        5,
        5,
        null,
        null,
        null,
        null
      ],
      "/usr/src/app/app/services/reports/create_parameters.rb": [
        1,
        1,
        null,
        1,
        12,
        12,
        12,
        null,
        null,
        1,
        12,
        null,
        null,
        null,
        null,
        null,
        null,
        null,
        1,
        12,
        null,
        12,
        null,
        0,
        null,
        0,
        null,
        null,
        null
      ],
      "/usr/src/app/app/controllers/v1/profiles_controller.rb": [
        1,
        1,
        null,
        1,
        3,
        null,
        null,
        1,
        8,
        6,
        6,
        0,
        null,
        6,
        0,
        null,
        6,
        3,
        null,
        null,
        1,
        3,
        null,
        null,
        null,
        null,
        null,
        null,
        null,
        null,
        null,
        1,
        3,
        null,
        null,
        null,
        null,
        null,
        null,
        null,
        null,
        null,
        1,
        4,
        4,
        null,
        null,
        null,
        null,
        null,
        null,
        null,
        null,
        null,
        1,
        6,
        null,
        null,
        null,
        null,
        6,
        null,
        null,
        null,
        null,
        null,
        null,
        null,
        null,
        null,
        1,
        16,
        14,
        2,
        null,
        null
      ],
      "/usr/src/app/app/services/users/serializer.rb": [
        1,
        1,
        1,
        null,
        1,
        26,
        26,
        26,
        null,
        null,
        1,
        26,
        26,
        null,
        null,
        null,
        null,
        null,
        1,
        22,
        null,
        null,
        1,
        22,
        null,
        null,
        1,
        26,
        null,
        null,
        null
      ],
      "/usr/src/app/app/services/profiles/password_parameters.rb": [
        1,
        1,
        1,
        null,
        1,
        16,
        16,
        null,
        null,
        1,
        16,
        null,
        null,
        null,
        null,
        null,
        null,
        1,
        null,
        16,
        null,
        null,
        null
      ],
      "/usr/src/app/app/serializers/current_user_serializer.rb": [
        1,
        1,
        null,
        null,
        null,
        null,
        null,
        null,
        null,
        null,
        null,
        null,
        null,
        1,
        6,
        null,
        1,
        6,
        null,
        null
      ],
      "/usr/src/app/app/services/profiles/update_parameters.rb": [
        1,
        1,
        1,
        null,
        1,
        8,
        8,
        null,
        null,
        1,
        8,
        null,
        null,
        null,
        null
      ],
      "/usr/src/app/app/controllers/v1/replies_controller.rb": [
        1,
        1,
        null,
        1,
        13,
        9,
        9,
        null,
        null,
        null,
        null,
        9,
        null,
        null,
        1,
        11,
        9,
        9,
        9,
        0,
        null,
        9,
        9,
        9,
        null,
        null
      ],
      "/usr/src/app/app/services/posts/replies/create_parameters.rb": [
        1,
        1,
        1,
        1,
        null,
        1,
        9,
        9,
        9,
        null,
        null,
        1,
        9,
        null,
        null,
        null,
        null,
        null,
        1,
        null,
        9,
        null,
        null,
        null,
        null,
        null,
        1,
        9,
        null,
        null,
        1,
        9,
        null,
        6,
        3,
        null,
        3,
        null,
        null,
        null,
        null,
        null
      ],
      "/usr/src/app/app/serializers/reply_serializer.rb": [
        1,
        1,
        1,
        null,
        1,
        null,
        null,
        1,
        1,
        null,
        1,
        null,
        null,
        null,
        null,
        null,
        null,
        null,
        null,
        null,
        null,
        null,
        null,
        null,
        null,
        1,
        1,
        9,
        null,
        1,
        9,
        null,
        null,
        1,
        null
      ],
      "/usr/src/app/app/serializers/serializer_helpers/post_metadata.rb": [
        1,
        1,
        null,
        1,
        4,
        4,
        null,
        null,
        1,
        78,
        78,
        null,
        null,
        1,
        78,
        78,
        null,
        null
      ],
      "/usr/src/app/app/services/posts/replies/serializer.rb": [
        1,
        1,
        1,
        1,
        null,
        1,
        9,
        9,
        9,
        null,
        null,
        1,
        9,
        9,
        9,
        null,
        null,
        null,
        null,
        null,
        1,
        4,
        null,
        null,
        1,
        2,
        null,
        null,
        1,
        2,
        null,
        null,
        1,
        18,
        null,
        null,
        null,
        null
      ],
      "/usr/src/app/app/serializers/reply_list_item_serializer.rb": [
        1,
        1,
        1,
        null,
        1,
        null,
        null,
        null,
        null,
        null,
        null,
        null,
        null,
        null,
        null,
        null,
        null,
        null,
        null,
        1,
        null,
        1,
        null
      ],
      "/usr/src/app/app/controllers/v1/reports_controller.rb": [
        1,
        1,
        null,
        1,
        5,
        4,
        4,
        4,
        null,
        null,
        null,
        null,
        null,
        4,
        null,
        null
      ],
      "/usr/src/app/app/serializers/report_post_serializer.rb": [
        1,
        1,
        1,
        null,
        1,
        null,
        null,
        1,
        1,
        null,
        1,
        null,
        null,
        null,
        null,
        null,
        null,
        null,
        null,
        null,
        null,
        null,
        null,
        1,
        1,
        24,
        null,
        1,
        24,
        null,
        null,
        1,
        null
      ],
      "/usr/src/app/app/controllers/v1/sessions_controller.rb": [
        1,
        1,
        1,
        null,
        1,
        9,
        9,
        9,
        null,
        3,
        null,
        null,
        1,
        null
      ],
      "/usr/src/app/app/services/users/sign_in_parameters.rb": [
        1,
        1,
        1,
        null,
        1,
        9,
        9,
        null,
        null,
        1,
        9,
        null,
        null,
        null,
        null
      ],
      "/usr/src/app/app/serializers/session_serializer.rb": [
        1,
        1,
        null,
        1,
        7,
        null,
        null
      ],
      "/usr/src/app/app/controllers/v1/sharings_controller.rb": [
        1,
        1,
        null,
        1,
        9,
        7,
        7,
        null,
        7,
        null,
        5,
        5,
        null,
        5,
        null,
        null,
        null,
        null,
        null,
        null,
        null,
        null,
        null,
        1,
        9,
        7,
        null,
        7,
        null,
        3,
        3,
        3,
        3,
        null,
        null
      ],
      "/usr/src/app/app/serializers/sharing_serializer.rb": [
        1,
        1,
        null,
        1,
        null,
        1,
        1,
        null
      ],
      "/usr/src/app/app/controllers/v1/users_controller.rb": [
        1,
        1,
        1,
        1,
        null,
        1,
        null,
        null,
        null,
        null,
        null,
        null,
        null,
        1,
        8,
        8,
        4,
        null,
        null,
        1,
        6,
        2,
        null,
        2,
        2,
        null,
        null,
        1,
        18,
        14,
        null,
        14,
        14,
        4,
        null,
        null,
        1,
        18,
        14,
        null,
        14,
        14,
        4,
        null,
        null,
        1,
        7,
        7,
        null,
        null,
        null,
        null,
        7,
        null,
        null,
        null,
        null,
        null,
        null,
        null,
        null,
        null,
        1,
        6,
        6,
        6,
        null,
        null,
        1,
        null,
        1,
        null
      ],
      "/usr/src/app/app/services/users/unfollow.rb": [
        1,
        1,
        null,
        1,
        14,
        14,
        14,
        null,
        null,
        1,
        14,
        4,
        4,
        null,
        null,
        1,
        14,
        9,
        null,
        null,
        1,
        null,
        1,
        1,
        5,
        null,
        null,
        null
      ],
      "/usr/src/app/app/services/users/registration_parameters.rb": [
        1,
        1,
        1,
        null,
        1,
        8,
        8,
        null,
        null,
        1,
        8,
        null,
        null,
        null,
        null,
        null,
        1,
        null,
        8,
        null,
        null,
        null,
        null,
        null
      ],
      "/usr/src/app/app/serializers/following_serializer.rb": [
        1,
        1,
        null
      ],
      "/usr/src/app/app/controllers/v1/followings_controller.rb": [
        1,
        1,
        9,
        7,
        7,
        null,
        null,
        null,
        null,
        7,
        null,
        null,
        1,
        9,
        7,
        7,
        null,
        null,
        null,
        null,
        7,
        null,
        null
      ],
      "/usr/src/app/app/services/users/statistics.rb": [
        1,
        1,
        1,
        null,
        1,
        6,
        6,
        null,
        null,
        1,
        6,
        6,
        6,
        6,
        6,
        6,
        6,
        null,
        null,
        null,
        1,
        1,
        null,
        1,
        null,
        1,
        null,
        null,
        null,
        null,
        null,
        null,
        null,
        null,
        null,
        null
      ],
      "/usr/src/app/app/serializers/statistics_serializer.rb": [
        1,
        1,
        null,
        null,
        null,
        null,
        null,
        null,
        null,
        null
      ]
    },
    "timestamp": 1559832370
  }
}
